2014/08/01 08:46:12 [error] [exception.CHttpException.404] exception 'CHttpException' with message 'Unable to resolve the request "gii".' in D:\xampp\htdocs\cddb\framework\web\CWebApplication.php:280
Stack trace:
#0 D:\xampp\htdocs\cddb\framework\web\CWebApplication.php(135): CWebApplication->runController('gii')
#1 D:\xampp\htdocs\cddb\framework\base\CApplication.php(162): CWebApplication->processRequest()
#2 D:\xampp\htdocs\cddb\index.php(13): CApplication->run()
#3 {main}
REQUEST_URI=/cddb/gii
---
2014/08/01 08:46:27 [error] [exception.CDbException] exception 'CDbException' with message 'CDbConnection failed to open the DB connection: SQLSTATE[HY000] [2002] 由于目标计算机积极拒绝，无法连接。
' in D:\xampp\htdocs\cddb\framework\db\CDbConnection.php:382
Stack trace:
#0 D:\xampp\htdocs\cddb\framework\db\CDbConnection.php(331): CDbConnection->open()
#1 D:\xampp\htdocs\cddb\framework\db\CDbConnection.php(309): CDbConnection->setActive(true)
#2 D:\xampp\htdocs\cddb\framework\base\CModule.php(388): CDbConnection->init()
#3 D:\xampp\htdocs\cddb\framework\base\CApplication.php(431): CModule->getComponent('db')
#4 D:\xampp\htdocs\cddb\framework\db\ar\CActiveRecord.php(615): CApplication->getDb()
#5 D:\xampp\htdocs\cddb\framework\db\ar\CActiveRecord.php(2263): CActiveRecord->getDbConnection()
#6 D:\xampp\htdocs\cddb\framework\db\ar\CActiveRecord.php(379): CActiveRecordMetaData->__construct(Object(Book))
#7 D:\xampp\htdocs\cddb\framework\web\CActiveDataProvider.php(75): CActiveRecord::model('Book')
#8 D:\xampp\htdocs\cddb\protected\controllers\SiteController.php(32): CActiveDataProvider->__construct('Book')
#9 D:\xampp\htdocs\cddb\framework\web\actions\CInlineAction.php(50): SiteController->actionIndex()
#10 D:\xampp\htdocs\cddb\framework\web\CController.php(309): CInlineAction->runWithParams(Array)
#11 D:\xampp\htdocs\cddb\framework\web\CController.php(287): CController->runAction(Object(CInlineAction))
#12 D:\xampp\htdocs\cddb\framework\web\CController.php(266): CController->runActionWithFilters(Object(CInlineAction), Array)
#13 D:\xampp\htdocs\cddb\framework\web\CWebApplication.php(276): CController->run('')
#14 D:\xampp\htdocs\cddb\framework\web\CWebApplication.php(135): CWebApplication->runController('')
#15 D:\xampp\htdocs\cddb\framework\base\CApplication.php(162): CWebApplication->processRequest()
#16 D:\xampp\htdocs\cddb\index.php(13): CApplication->run()
#17 {main}
REQUEST_URI=/cddb/index.php?r=gii
---
2014/08/01 08:46:51 [error] [exception.CDbException] exception 'CDbException' with message 'CDbConnection failed to open the DB connection: SQLSTATE[HY000] [2002] 由于目标计算机积极拒绝，无法连接。
' in D:\xampp\htdocs\cddb\framework\db\CDbConnection.php:382
Stack trace:
#0 D:\xampp\htdocs\cddb\framework\db\CDbConnection.php(331): CDbConnection->open()
#1 D:\xampp\htdocs\cddb\framework\db\CDbConnection.php(309): CDbConnection->setActive(true)
#2 D:\xampp\htdocs\cddb\framework\base\CModule.php(388): CDbConnection->init()
#3 D:\xampp\htdocs\cddb\framework\base\CApplication.php(431): CModule->getComponent('db')
#4 D:\xampp\htdocs\cddb\framework\db\ar\CActiveRecord.php(615): CApplication->getDb()
#5 D:\xampp\htdocs\cddb\framework\db\ar\CActiveRecord.php(2263): CActiveRecord->getDbConnection()
#6 D:\xampp\htdocs\cddb\framework\db\ar\CActiveRecord.php(379): CActiveRecordMetaData->__construct(Object(Book))
#7 D:\xampp\htdocs\cddb\framework\web\CActiveDataProvider.php(75): CActiveRecord::model('Book')
#8 D:\xampp\htdocs\cddb\protected\controllers\SiteController.php(32): CActiveDataProvider->__construct('Book')
#9 D:\xampp\htdocs\cddb\framework\web\actions\CInlineAction.php(50): SiteController->actionIndex()
#10 D:\xampp\htdocs\cddb\framework\web\CController.php(309): CInlineAction->runWithParams(Array)
#11 D:\xampp\htdocs\cddb\framework\web\CController.php(287): CController->runAction(Object(CInlineAction))
#12 D:\xampp\htdocs\cddb\framework\web\CController.php(266): CController->runActionWithFilters(Object(CInlineAction), Array)
#13 D:\xampp\htdocs\cddb\framework\web\CWebApplication.php(276): CController->run('')
#14 D:\xampp\htdocs\cddb\framework\web\CWebApplication.php(135): CWebApplication->runController('')
#15 D:\xampp\htdocs\cddb\framework\base\CApplication.php(162): CWebApplication->processRequest()
#16 D:\xampp\htdocs\cddb\index.php(13): CApplication->run()
#17 {main}
REQUEST_URI=/cddb/index.php?r=gii
---
2014/08/01 08:52:47 [error] [exception.CDbException] exception 'CDbException' with message 'CDbConnection failed to open the DB connection: SQLSTATE[HY000] [2002] 由于目标计算机积极拒绝，无法连接。
' in D:\xampp\htdocs\cddb\framework\db\CDbConnection.php:382
Stack trace:
#0 D:\xampp\htdocs\cddb\framework\db\CDbConnection.php(331): CDbConnection->open()
#1 D:\xampp\htdocs\cddb\framework\db\CDbConnection.php(309): CDbConnection->setActive(true)
#2 D:\xampp\htdocs\cddb\framework\base\CModule.php(388): CDbConnection->init()
#3 D:\xampp\htdocs\cddb\framework\base\CModule.php(104): CModule->getComponent('db')
#4 D:\xampp\htdocs\cddb\framework\gii\generators\crud\CrudCode.php(44): CModule->__get('db')
#5 D:\xampp\htdocs\cddb\framework\web\CFormModel.php(40): CrudCode->init()
#6 D:\xampp\htdocs\cddb\framework\gii\CCodeGenerator.php(152): CFormModel->__construct()
#7 D:\xampp\htdocs\cddb\framework\gii\CCodeGenerator.php(64): CCodeGenerator->prepare()
#8 D:\xampp\htdocs\cddb\framework\web\actions\CInlineAction.php(50): CCodeGenerator->actionIndex()
#9 D:\xampp\htdocs\cddb\framework\web\CController.php(309): CInlineAction->runWithParams(Array)
#10 D:\xampp\htdocs\cddb\framework\web\CController.php(287): CController->runAction(Object(CInlineAction))
#11 D:\xampp\htdocs\cddb\framework\web\CController.php(266): CController->runActionWithFilters(Object(CInlineAction), Array)
#12 D:\xampp\htdocs\cddb\framework\web\CWebApplication.php(276): CController->run('')
#13 D:\xampp\htdocs\cddb\framework\web\CWebApplication.php(135): CWebApplication->runController('gii/crud')
#14 D:\xampp\htdocs\cddb\framework\base\CApplication.php(162): CWebApplication->processRequest()
#15 D:\xampp\htdocs\cddb\index.php(13): CApplication->run()
#16 {main}
REQUEST_URI=/cddb/index.php?r=gii/crud
HTTP_REFERER=http://127.0.0.1/cddb/index.php?r=gii/default/index
---
2014/08/01 10:46:11 [error] [php] Undefined variable: user (D:\xampp\htdocs\cddb\protected\views\user\_form.php:10)
Stack trace:
#0 D:\xampp\htdocs\cddb\framework\web\CController.php(870): UserController->renderFile()
#1 D:\xampp\htdocs\cddb\protected\views\user\create.php(15): UserController->renderPartial()
#2 D:\xampp\htdocs\cddb\framework\web\CBaseController.php(127): require()
#3 D:\xampp\htdocs\cddb\framework\web\CBaseController.php(96): UserController->renderInternal()
#4 D:\xampp\htdocs\cddb\framework\web\CController.php(870): UserController->renderFile()
#5 D:\xampp\htdocs\cddb\framework\web\CController.php(783): UserController->renderPartial()
#6 D:\xampp\htdocs\cddb\protected\controllers\UserController.php(78): UserController->render()
#7 D:\xampp\htdocs\cddb\framework\web\actions\CInlineAction.php(50): UserController->actionCreate()
#8 D:\xampp\htdocs\cddb\framework\web\CController.php(309): CInlineAction->runWithParams()
#9 D:\xampp\htdocs\cddb\framework\web\filters\CFilterChain.php(134): UserController->runAction()
#10 D:\xampp\htdocs\cddb\framework\web\filters\CFilter.php(41): CFilterChain->run()
#11 D:\xampp\htdocs\cddb\framework\web\CController.php(1146): CAccessControlFilter->filter()
#12 D:\xampp\htdocs\cddb\framework\web\filters\CInlineFilter.php(59): UserController->filterAccessControl()
#13 D:\xampp\htdocs\cddb\framework\web\filters\CFilterChain.php(131): CInlineFilter->filter()
#14 D:\xampp\htdocs\cddb\framework\web\CController.php(292): CFilterChain->run()
#15 D:\xampp\htdocs\cddb\framework\web\CController.php(266): UserController->runActionWithFilters()
#16 D:\xampp\htdocs\cddb\framework\web\CWebApplication.php(276): UserController->run()
#17 D:\xampp\htdocs\cddb\framework\web\CWebApplication.php(135): CWebApplication->runController()
#18 D:\xampp\htdocs\cddb\framework\base\CApplication.php(162): CWebApplication->processRequest()
#19 D:\xampp\htdocs\cddb\index.php(13): CWebApplication->run()
REQUEST_URI=/cddb/index.php?r=user/create
in D:\xampp\htdocs\cddb\protected\views\user\_form.php (10)
in D:\xampp\htdocs\cddb\protected\views\user\create.php (15)
in D:\xampp\htdocs\cddb\protected\controllers\UserController.php (78)
2014/08/01 10:53:35 [error] [php] Undefined variable: model (D:\xampp\htdocs\cddb\protected\views\user\create.php:15)
Stack trace:
#0 D:\xampp\htdocs\cddb\framework\web\CController.php(870): UserController->renderFile()
#1 D:\xampp\htdocs\cddb\framework\web\CController.php(783): UserController->renderPartial()
#2 D:\xampp\htdocs\cddb\protected\controllers\UserController.php(81): UserController->render()
#3 D:\xampp\htdocs\cddb\framework\web\actions\CInlineAction.php(50): UserController->actionCreate()
#4 D:\xampp\htdocs\cddb\framework\web\CController.php(309): CInlineAction->runWithParams()
#5 D:\xampp\htdocs\cddb\framework\web\filters\CFilterChain.php(134): UserController->runAction()
#6 D:\xampp\htdocs\cddb\framework\web\filters\CFilter.php(41): CFilterChain->run()
#7 D:\xampp\htdocs\cddb\framework\web\CController.php(1146): CAccessControlFilter->filter()
#8 D:\xampp\htdocs\cddb\framework\web\filters\CInlineFilter.php(59): UserController->filterAccessControl()
#9 D:\xampp\htdocs\cddb\framework\web\filters\CFilterChain.php(131): CInlineFilter->filter()
#10 D:\xampp\htdocs\cddb\framework\web\CController.php(292): CFilterChain->run()
#11 D:\xampp\htdocs\cddb\framework\web\CController.php(266): UserController->runActionWithFilters()
#12 D:\xampp\htdocs\cddb\framework\web\CWebApplication.php(276): UserController->run()
#13 D:\xampp\htdocs\cddb\framework\web\CWebApplication.php(135): CWebApplication->runController()
#14 D:\xampp\htdocs\cddb\framework\base\CApplication.php(162): CWebApplication->processRequest()
#15 D:\xampp\htdocs\cddb\index.php(13): CWebApplication->run()
REQUEST_URI=/cddb/index.php?r=user/create
in D:\xampp\htdocs\cddb\protected\views\user\create.php (15)
in D:\xampp\htdocs\cddb\protected\controllers\UserController.php (81)
in D:\xampp\htdocs\cddb\index.php (13)
2014/08/01 10:53:37 [error] [php] Undefined variable: model (D:\xampp\htdocs\cddb\protected\views\user\create.php:15)
Stack trace:
#0 D:\xampp\htdocs\cddb\framework\web\CController.php(870): UserController->renderFile()
#1 D:\xampp\htdocs\cddb\framework\web\CController.php(783): UserController->renderPartial()
#2 D:\xampp\htdocs\cddb\protected\controllers\UserController.php(81): UserController->render()
#3 D:\xampp\htdocs\cddb\framework\web\actions\CInlineAction.php(50): UserController->actionCreate()
#4 D:\xampp\htdocs\cddb\framework\web\CController.php(309): CInlineAction->runWithParams()
#5 D:\xampp\htdocs\cddb\framework\web\filters\CFilterChain.php(134): UserController->runAction()
#6 D:\xampp\htdocs\cddb\framework\web\filters\CFilter.php(41): CFilterChain->run()
#7 D:\xampp\htdocs\cddb\framework\web\CController.php(1146): CAccessControlFilter->filter()
#8 D:\xampp\htdocs\cddb\framework\web\filters\CInlineFilter.php(59): UserController->filterAccessControl()
#9 D:\xampp\htdocs\cddb\framework\web\filters\CFilterChain.php(131): CInlineFilter->filter()
#10 D:\xampp\htdocs\cddb\framework\web\CController.php(292): CFilterChain->run()
#11 D:\xampp\htdocs\cddb\framework\web\CController.php(266): UserController->runActionWithFilters()
#12 D:\xampp\htdocs\cddb\framework\web\CWebApplication.php(276): UserController->run()
#13 D:\xampp\htdocs\cddb\framework\web\CWebApplication.php(135): CWebApplication->runController()
#14 D:\xampp\htdocs\cddb\framework\base\CApplication.php(162): CWebApplication->processRequest()
#15 D:\xampp\htdocs\cddb\index.php(13): CWebApplication->run()
REQUEST_URI=/cddb/index.php?r=user/create
in D:\xampp\htdocs\cddb\protected\views\user\create.php (15)
in D:\xampp\htdocs\cddb\protected\controllers\UserController.php (81)
in D:\xampp\htdocs\cddb\index.php (13)
2014/08/01 10:54:38 [error] [php] Undefined variable: model (D:\xampp\htdocs\cddb\protected\views\user\_form.php:43)
Stack trace:
#0 D:\xampp\htdocs\cddb\framework\web\CController.php(870): UserController->renderFile()
#1 D:\xampp\htdocs\cddb\protected\views\user\create.php(15): UserController->renderPartial()
#2 D:\xampp\htdocs\cddb\framework\web\CBaseController.php(127): require()
#3 D:\xampp\htdocs\cddb\framework\web\CBaseController.php(96): UserController->renderInternal()
#4 D:\xampp\htdocs\cddb\framework\web\CController.php(870): UserController->renderFile()
#5 D:\xampp\htdocs\cddb\framework\web\CController.php(783): UserController->renderPartial()
#6 D:\xampp\htdocs\cddb\protected\controllers\UserController.php(81): UserController->render()
#7 D:\xampp\htdocs\cddb\framework\web\actions\CInlineAction.php(50): UserController->actionCreate()
#8 D:\xampp\htdocs\cddb\framework\web\CController.php(309): CInlineAction->runWithParams()
#9 D:\xampp\htdocs\cddb\framework\web\filters\CFilterChain.php(134): UserController->runAction()
#10 D:\xampp\htdocs\cddb\framework\web\filters\CFilter.php(41): CFilterChain->run()
#11 D:\xampp\htdocs\cddb\framework\web\CController.php(1146): CAccessControlFilter->filter()
#12 D:\xampp\htdocs\cddb\framework\web\filters\CInlineFilter.php(59): UserController->filterAccessControl()
#13 D:\xampp\htdocs\cddb\framework\web\filters\CFilterChain.php(131): CInlineFilter->filter()
#14 D:\xampp\htdocs\cddb\framework\web\CController.php(292): CFilterChain->run()
#15 D:\xampp\htdocs\cddb\framework\web\CController.php(266): UserController->runActionWithFilters()
#16 D:\xampp\htdocs\cddb\framework\web\CWebApplication.php(276): UserController->run()
#17 D:\xampp\htdocs\cddb\framework\web\CWebApplication.php(135): CWebApplication->runController()
#18 D:\xampp\htdocs\cddb\framework\base\CApplication.php(162): CWebApplication->processRequest()
#19 D:\xampp\htdocs\cddb\index.php(13): CWebApplication->run()
REQUEST_URI=/cddb/index.php?r=user/create
in D:\xampp\htdocs\cddb\protected\views\user\_form.php (43)
in D:\xampp\htdocs\cddb\protected\views\user\create.php (15)
in D:\xampp\htdocs\cddb\protected\controllers\UserController.php (81)
2014/08/01 11:03:33 [error] [php] Undefined variable: user (D:\xampp\htdocs\cddb\protected\views\user\_form.php:10)
Stack trace:
#0 D:\xampp\htdocs\cddb\framework\web\CController.php(870): UserController->renderFile()
#1 D:\xampp\htdocs\cddb\protected\views\user\update.php(18): UserController->renderPartial()
#2 D:\xampp\htdocs\cddb\framework\web\CBaseController.php(127): require()
#3 D:\xampp\htdocs\cddb\framework\web\CBaseController.php(96): UserController->renderInternal()
#4 D:\xampp\htdocs\cddb\framework\web\CController.php(870): UserController->renderFile()
#5 D:\xampp\htdocs\cddb\framework\web\CController.php(783): UserController->renderPartial()
#6 D:\xampp\htdocs\cddb\protected\controllers\UserController.php(110): UserController->render()
#7 unknown(0): UserController->actionUpdate()
#8 D:\xampp\htdocs\cddb\framework\web\actions\CAction.php(107): ReflectionMethod->invokeArgs()
#9 D:\xampp\htdocs\cddb\framework\web\actions\CInlineAction.php(48): CInlineAction->runWithParamsInternal()
#10 D:\xampp\htdocs\cddb\framework\web\CController.php(309): CInlineAction->runWithParams()
#11 D:\xampp\htdocs\cddb\framework\web\filters\CFilterChain.php(134): UserController->runAction()
#12 D:\xampp\htdocs\cddb\framework\web\filters\CFilter.php(41): CFilterChain->run()
#13 D:\xampp\htdocs\cddb\framework\web\CController.php(1146): CAccessControlFilter->filter()
#14 D:\xampp\htdocs\cddb\framework\web\filters\CInlineFilter.php(59): UserController->filterAccessControl()
#15 D:\xampp\htdocs\cddb\framework\web\filters\CFilterChain.php(131): CInlineFilter->filter()
#16 D:\xampp\htdocs\cddb\framework\web\CController.php(292): CFilterChain->run()
#17 D:\xampp\htdocs\cddb\framework\web\CController.php(266): UserController->runActionWithFilters()
#18 D:\xampp\htdocs\cddb\framework\web\CWebApplication.php(276): UserController->run()
#19 D:\xampp\htdocs\cddb\framework\web\CWebApplication.php(135): CWebApplication->runController()
#20 D:\xampp\htdocs\cddb\framework\base\CApplication.php(162): CWebApplication->processRequest()
#21 D:\xampp\htdocs\cddb\index.php(13): CWebApplication->run()
REQUEST_URI=/cddb/index.php?r=user/update&id=1
in D:\xampp\htdocs\cddb\protected\views\user\_form.php (10)
in D:\xampp\htdocs\cddb\protected\views\user\update.php (18)
in D:\xampp\htdocs\cddb\protected\controllers\UserController.php (110)
2014/08/01 11:11:15 [error] [php] Undefined variable: user (D:\xampp\htdocs\cddb\protected\views\user\_form.php:10)
Stack trace:
#0 D:\xampp\htdocs\cddb\framework\web\CController.php(870): UserController->renderFile()
#1 D:\xampp\htdocs\cddb\protected\views\user\update.php(18): UserController->renderPartial()
#2 D:\xampp\htdocs\cddb\framework\web\CBaseController.php(127): require()
#3 D:\xampp\htdocs\cddb\framework\web\CBaseController.php(96): UserController->renderInternal()
#4 D:\xampp\htdocs\cddb\framework\web\CController.php(870): UserController->renderFile()
#5 D:\xampp\htdocs\cddb\framework\web\CController.php(783): UserController->renderPartial()
#6 D:\xampp\htdocs\cddb\protected\controllers\UserController.php(112): UserController->render()
#7 unknown(0): UserController->actionUpdate()
#8 D:\xampp\htdocs\cddb\framework\web\actions\CAction.php(107): ReflectionMethod->invokeArgs()
#9 D:\xampp\htdocs\cddb\framework\web\actions\CInlineAction.php(48): CInlineAction->runWithParamsInternal()
#10 D:\xampp\htdocs\cddb\framework\web\CController.php(309): CInlineAction->runWithParams()
#11 D:\xampp\htdocs\cddb\framework\web\filters\CFilterChain.php(134): UserController->runAction()
#12 D:\xampp\htdocs\cddb\framework\web\filters\CFilter.php(41): CFilterChain->run()
#13 D:\xampp\htdocs\cddb\framework\web\CController.php(1146): CAccessControlFilter->filter()
#14 D:\xampp\htdocs\cddb\framework\web\filters\CInlineFilter.php(59): UserController->filterAccessControl()
#15 D:\xampp\htdocs\cddb\framework\web\filters\CFilterChain.php(131): CInlineFilter->filter()
#16 D:\xampp\htdocs\cddb\framework\web\CController.php(292): CFilterChain->run()
#17 D:\xampp\htdocs\cddb\framework\web\CController.php(266): UserController->runActionWithFilters()
#18 D:\xampp\htdocs\cddb\framework\web\CWebApplication.php(276): UserController->run()
#19 D:\xampp\htdocs\cddb\framework\web\CWebApplication.php(135): CWebApplication->runController()
#20 D:\xampp\htdocs\cddb\framework\base\CApplication.php(162): CWebApplication->processRequest()
#21 D:\xampp\htdocs\cddb\index.php(13): CWebApplication->run()
REQUEST_URI=/cddb/index.php?r=user/update&id=1
in D:\xampp\htdocs\cddb\protected\views\user\_form.php (10)
in D:\xampp\htdocs\cddb\protected\views\user\update.php (18)
in D:\xampp\htdocs\cddb\protected\controllers\UserController.php (112)
2014/08/01 11:11:17 [error] [php] Undefined variable: user (D:\xampp\htdocs\cddb\protected\views\user\_form.php:10)
Stack trace:
#0 D:\xampp\htdocs\cddb\framework\web\CController.php(870): UserController->renderFile()
#1 D:\xampp\htdocs\cddb\protected\views\user\update.php(18): UserController->renderPartial()
#2 D:\xampp\htdocs\cddb\framework\web\CBaseController.php(127): require()
#3 D:\xampp\htdocs\cddb\framework\web\CBaseController.php(96): UserController->renderInternal()
#4 D:\xampp\htdocs\cddb\framework\web\CController.php(870): UserController->renderFile()
#5 D:\xampp\htdocs\cddb\framework\web\CController.php(783): UserController->renderPartial()
#6 D:\xampp\htdocs\cddb\protected\controllers\UserController.php(112): UserController->render()
#7 unknown(0): UserController->actionUpdate()
#8 D:\xampp\htdocs\cddb\framework\web\actions\CAction.php(107): ReflectionMethod->invokeArgs()
#9 D:\xampp\htdocs\cddb\framework\web\actions\CInlineAction.php(48): CInlineAction->runWithParamsInternal()
#10 D:\xampp\htdocs\cddb\framework\web\CController.php(309): CInlineAction->runWithParams()
#11 D:\xampp\htdocs\cddb\framework\web\filters\CFilterChain.php(134): UserController->runAction()
#12 D:\xampp\htdocs\cddb\framework\web\filters\CFilter.php(41): CFilterChain->run()
#13 D:\xampp\htdocs\cddb\framework\web\CController.php(1146): CAccessControlFilter->filter()
#14 D:\xampp\htdocs\cddb\framework\web\filters\CInlineFilter.php(59): UserController->filterAccessControl()
#15 D:\xampp\htdocs\cddb\framework\web\filters\CFilterChain.php(131): CInlineFilter->filter()
#16 D:\xampp\htdocs\cddb\framework\web\CController.php(292): CFilterChain->run()
#17 D:\xampp\htdocs\cddb\framework\web\CController.php(266): UserController->runActionWithFilters()
#18 D:\xampp\htdocs\cddb\framework\web\CWebApplication.php(276): UserController->run()
#19 D:\xampp\htdocs\cddb\framework\web\CWebApplication.php(135): CWebApplication->runController()
#20 D:\xampp\htdocs\cddb\framework\base\CApplication.php(162): CWebApplication->processRequest()
#21 D:\xampp\htdocs\cddb\index.php(13): CWebApplication->run()
REQUEST_URI=/cddb/index.php?r=user/update&id=1
in D:\xampp\htdocs\cddb\protected\views\user\_form.php (10)
in D:\xampp\htdocs\cddb\protected\views\user\update.php (18)
in D:\xampp\htdocs\cddb\protected\controllers\UserController.php (112)
2014/08/01 11:24:11 [error] [exception.CException] exception 'CException' with message 'Property "CCompareValidator.message " is not defined.' in D:\xampp\htdocs\cddb\framework\base\CComponent.php:174
Stack trace:
#0 D:\xampp\htdocs\cddb\framework\validators\CValidator.php(174): CComponent->__set('message ', '\xE4\xB8\xA4\xE6\xAC\xA1\xE7\x9A\x84\xE5\xAF\x86\xE7\xA0\x81...')
#1 D:\xampp\htdocs\cddb\framework\base\CModel.php(285): CValidator::createValidator('compare', Object(User), 'password', Array)
#2 D:\xampp\htdocs\cddb\framework\base\CModel.php(259): CModel->createValidators()
#3 D:\xampp\htdocs\cddb\framework\base\CModel.php(302): CModel->getValidators('username')
#4 D:\xampp\htdocs\cddb\framework\web\helpers\CHtml.php(1185): CModel->isAttributeRequired('username')
#5 D:\xampp\htdocs\cddb\framework\web\widgets\CActiveForm.php(560): CHtml::activeLabelEx(Object(User), 'username', Array)
#6 D:\xampp\htdocs\cddb\protected\views\user\_form.php(24): CActiveForm->labelEx(Object(User), 'username')
#7 D:\xampp\htdocs\cddb\framework\web\CBaseController.php(127): require('D:\\xampp\\htdocs...')
#8 D:\xampp\htdocs\cddb\framework\web\CBaseController.php(96): CBaseController->renderInternal('D:\\xampp\\htdocs...', Array, true)
#9 D:\xampp\htdocs\cddb\framework\web\CController.php(870): CBaseController->renderFile('D:\\xampp\\htdocs...', Array, true)
#10 D:\xampp\htdocs\cddb\protected\views\user\create.php(15): CController->renderPartial('_form', Array)
#11 D:\xampp\htdocs\cddb\framework\web\CBaseController.php(127): require('D:\\xampp\\htdocs...')
#12 D:\xampp\htdocs\cddb\framework\web\CBaseController.php(96): CBaseController->renderInternal('D:\\xampp\\htdocs...', Array, true)
#13 D:\xampp\htdocs\cddb\framework\web\CController.php(870): CBaseController->renderFile('D:\\xampp\\htdocs...', Array, true)
#14 D:\xampp\htdocs\cddb\framework\web\CController.php(783): CController->renderPartial('create', Array, true)
#15 D:\xampp\htdocs\cddb\protected\controllers\UserController.php(86): CController->render('create', Array)
#16 D:\xampp\htdocs\cddb\framework\web\actions\CInlineAction.php(50): UserController->actionCreate()
#17 D:\xampp\htdocs\cddb\framework\web\CController.php(309): CInlineAction->runWithParams(Array)
#18 D:\xampp\htdocs\cddb\framework\web\filters\CFilterChain.php(134): CController->runAction(Object(CInlineAction))
#19 D:\xampp\htdocs\cddb\framework\web\filters\CFilter.php(41): CFilterChain->run()
#20 D:\xampp\htdocs\cddb\framework\web\CController.php(1146): CFilter->filter(Object(CFilterChain))
#21 D:\xampp\htdocs\cddb\framework\web\filters\CInlineFilter.php(59): CController->filterAccessControl(Object(CFilterChain))
#22 D:\xampp\htdocs\cddb\framework\web\filters\CFilterChain.php(131): CInlineFilter->filter(Object(CFilterChain))
#23 D:\xampp\htdocs\cddb\framework\web\CController.php(292): CFilterChain->run()
#24 D:\xampp\htdocs\cddb\framework\web\CController.php(266): CController->runActionWithFilters(Object(CInlineAction), Array)
#25 D:\xampp\htdocs\cddb\framework\web\CWebApplication.php(276): CController->run('create')
#26 D:\xampp\htdocs\cddb\framework\web\CWebApplication.php(135): CWebApplication->runController('user/create')
#27 D:\xampp\htdocs\cddb\framework\base\CApplication.php(162): CWebApplication->processRequest()
#28 D:\xampp\htdocs\cddb\index.php(13): CApplication->run()
#29 {main}
REQUEST_URI=/cddb/index.php?r=user/create
---
2014/08/05 06:48:55 [error] [exception.CDbException] exception 'CDbException' with message 'CDbConnection failed to open the DB connection: SQLSTATE[42000] [1049] Unknown database 'cbdb'' in C:\xampp\htdocs\cddb\framework\db\CDbConnection.php:382
Stack trace:
#0 C:\xampp\htdocs\cddb\framework\db\CDbConnection.php(331): CDbConnection->open()
#1 C:\xampp\htdocs\cddb\framework\db\CDbConnection.php(309): CDbConnection->setActive(true)
#2 C:\xampp\htdocs\cddb\framework\base\CModule.php(388): CDbConnection->init()
#3 C:\xampp\htdocs\cddb\framework\base\CApplication.php(431): CModule->getComponent('db')
#4 C:\xampp\htdocs\cddb\framework\db\ar\CActiveRecord.php(615): CApplication->getDb()
#5 C:\xampp\htdocs\cddb\framework\db\ar\CActiveRecord.php(2263): CActiveRecord->getDbConnection()
#6 C:\xampp\htdocs\cddb\framework\db\ar\CActiveRecord.php(379): CActiveRecordMetaData->__construct(Object(Book))
#7 C:\xampp\htdocs\cddb\framework\web\CActiveDataProvider.php(75): CActiveRecord::model('Book')
#8 C:\xampp\htdocs\cddb\protected\controllers\SiteController.php(32): CActiveDataProvider->__construct('Book')
#9 C:\xampp\htdocs\cddb\framework\web\actions\CInlineAction.php(50): SiteController->actionIndex()
#10 C:\xampp\htdocs\cddb\framework\web\CController.php(309): CInlineAction->runWithParams(Array)
#11 C:\xampp\htdocs\cddb\framework\web\CController.php(287): CController->runAction(Object(CInlineAction))
#12 C:\xampp\htdocs\cddb\framework\web\CController.php(266): CController->runActionWithFilters(Object(CInlineAction), Array)
#13 C:\xampp\htdocs\cddb\framework\web\CWebApplication.php(276): CController->run('')
#14 C:\xampp\htdocs\cddb\framework\web\CWebApplication.php(135): CWebApplication->runController('')
#15 C:\xampp\htdocs\cddb\framework\base\CApplication.php(162): CWebApplication->processRequest()
#16 C:\xampp\htdocs\cddb\index.php(13): CApplication->run()
#17 {main}
REQUEST_URI=/cddb/
---
2014/08/05 06:53:04 [error] [exception.CDbException] exception 'CDbException' with message 'CDbConnection failed to open the DB connection: SQLSTATE[42000] [1049] Unknown database 'cbdb'' in C:\xampp\htdocs\cddb\framework\db\CDbConnection.php:382
Stack trace:
#0 C:\xampp\htdocs\cddb\framework\db\CDbConnection.php(331): CDbConnection->open()
#1 C:\xampp\htdocs\cddb\framework\db\CDbConnection.php(309): CDbConnection->setActive(true)
#2 C:\xampp\htdocs\cddb\framework\base\CModule.php(388): CDbConnection->init()
#3 C:\xampp\htdocs\cddb\framework\base\CApplication.php(431): CModule->getComponent('db')
#4 C:\xampp\htdocs\cddb\framework\db\ar\CActiveRecord.php(615): CApplication->getDb()
#5 C:\xampp\htdocs\cddb\framework\db\ar\CActiveRecord.php(2263): CActiveRecord->getDbConnection()
#6 C:\xampp\htdocs\cddb\framework\db\ar\CActiveRecord.php(379): CActiveRecordMetaData->__construct(Object(Book))
#7 C:\xampp\htdocs\cddb\framework\web\CActiveDataProvider.php(75): CActiveRecord::model('Book')
#8 C:\xampp\htdocs\cddb\protected\controllers\SiteController.php(32): CActiveDataProvider->__construct('Book')
#9 C:\xampp\htdocs\cddb\framework\web\actions\CInlineAction.php(50): SiteController->actionIndex()
#10 C:\xampp\htdocs\cddb\framework\web\CController.php(309): CInlineAction->runWithParams(Array)
#11 C:\xampp\htdocs\cddb\framework\web\CController.php(287): CController->runAction(Object(CInlineAction))
#12 C:\xampp\htdocs\cddb\framework\web\CController.php(266): CController->runActionWithFilters(Object(CInlineAction), Array)
#13 C:\xampp\htdocs\cddb\framework\web\CWebApplication.php(276): CController->run('')
#14 C:\xampp\htdocs\cddb\framework\web\CWebApplication.php(135): CWebApplication->runController('')
#15 C:\xampp\htdocs\cddb\framework\base\CApplication.php(162): CWebApplication->processRequest()
#16 C:\xampp\htdocs\cddb\index.php(13): CApplication->run()
#17 {main}
REQUEST_URI=/cddb/
---
2014/08/05 06:53:07 [error] [exception.CDbException] exception 'CDbException' with message 'CDbConnection failed to open the DB connection: SQLSTATE[42000] [1049] Unknown database 'cbdb'' in C:\xampp\htdocs\cddb\framework\db\CDbConnection.php:382
Stack trace:
#0 C:\xampp\htdocs\cddb\framework\db\CDbConnection.php(331): CDbConnection->open()
#1 C:\xampp\htdocs\cddb\framework\db\CDbConnection.php(309): CDbConnection->setActive(true)
#2 C:\xampp\htdocs\cddb\framework\base\CModule.php(388): CDbConnection->init()
#3 C:\xampp\htdocs\cddb\framework\base\CApplication.php(431): CModule->getComponent('db')
#4 C:\xampp\htdocs\cddb\framework\db\ar\CActiveRecord.php(615): CApplication->getDb()
#5 C:\xampp\htdocs\cddb\framework\db\ar\CActiveRecord.php(2263): CActiveRecord->getDbConnection()
#6 C:\xampp\htdocs\cddb\framework\db\ar\CActiveRecord.php(379): CActiveRecordMetaData->__construct(Object(Book))
#7 C:\xampp\htdocs\cddb\framework\web\CActiveDataProvider.php(75): CActiveRecord::model('Book')
#8 C:\xampp\htdocs\cddb\protected\controllers\SiteController.php(32): CActiveDataProvider->__construct('Book')
#9 C:\xampp\htdocs\cddb\framework\web\actions\CInlineAction.php(50): SiteController->actionIndex()
#10 C:\xampp\htdocs\cddb\framework\web\CController.php(309): CInlineAction->runWithParams(Array)
#11 C:\xampp\htdocs\cddb\framework\web\CController.php(287): CController->runAction(Object(CInlineAction))
#12 C:\xampp\htdocs\cddb\framework\web\CController.php(266): CController->runActionWithFilters(Object(CInlineAction), Array)
#13 C:\xampp\htdocs\cddb\framework\web\CWebApplication.php(276): CController->run('')
#14 C:\xampp\htdocs\cddb\framework\web\CWebApplication.php(135): CWebApplication->runController('')
#15 C:\xampp\htdocs\cddb\framework\base\CApplication.php(162): CWebApplication->processRequest()
#16 C:\xampp\htdocs\cddb\index.php(13): CApplication->run()
#17 {main}
REQUEST_URI=/cddb/
---
2014/08/05 06:53:08 [error] [exception.CDbException] exception 'CDbException' with message 'CDbConnection failed to open the DB connection: SQLSTATE[42000] [1049] Unknown database 'cbdb'' in C:\xampp\htdocs\cddb\framework\db\CDbConnection.php:382
Stack trace:
#0 C:\xampp\htdocs\cddb\framework\db\CDbConnection.php(331): CDbConnection->open()
#1 C:\xampp\htdocs\cddb\framework\db\CDbConnection.php(309): CDbConnection->setActive(true)
#2 C:\xampp\htdocs\cddb\framework\base\CModule.php(388): CDbConnection->init()
#3 C:\xampp\htdocs\cddb\framework\base\CApplication.php(431): CModule->getComponent('db')
#4 C:\xampp\htdocs\cddb\framework\db\ar\CActiveRecord.php(615): CApplication->getDb()
#5 C:\xampp\htdocs\cddb\framework\db\ar\CActiveRecord.php(2263): CActiveRecord->getDbConnection()
#6 C:\xampp\htdocs\cddb\framework\db\ar\CActiveRecord.php(379): CActiveRecordMetaData->__construct(Object(Book))
#7 C:\xampp\htdocs\cddb\framework\web\CActiveDataProvider.php(75): CActiveRecord::model('Book')
#8 C:\xampp\htdocs\cddb\protected\controllers\SiteController.php(32): CActiveDataProvider->__construct('Book')
#9 C:\xampp\htdocs\cddb\framework\web\actions\CInlineAction.php(50): SiteController->actionIndex()
#10 C:\xampp\htdocs\cddb\framework\web\CController.php(309): CInlineAction->runWithParams(Array)
#11 C:\xampp\htdocs\cddb\framework\web\CController.php(287): CController->runAction(Object(CInlineAction))
#12 C:\xampp\htdocs\cddb\framework\web\CController.php(266): CController->runActionWithFilters(Object(CInlineAction), Array)
#13 C:\xampp\htdocs\cddb\framework\web\CWebApplication.php(276): CController->run('')
#14 C:\xampp\htdocs\cddb\framework\web\CWebApplication.php(135): CWebApplication->runController('')
#15 C:\xampp\htdocs\cddb\framework\base\CApplication.php(162): CWebApplication->processRequest()
#16 C:\xampp\htdocs\cddb\index.php(13): CApplication->run()
#17 {main}
REQUEST_URI=/cddb/
---
2014/08/15 05:01:40 [error] [exception.CException] exception 'CException' with message 'UserController cannot find the requested view "admin".' in D:\xampp\htdocs\cbdb\framework\web\CController.php:879
Stack trace:
#0 D:\xampp\htdocs\cbdb\framework\web\CController.php(783): CController->renderPartial('admin', Array, true)
#1 D:\xampp\htdocs\cbdb\protected\controllers\UserController.php(149): CController->render('admin', Array)
#2 D:\xampp\htdocs\cbdb\framework\web\actions\CInlineAction.php(50): UserController->actionindex()
#3 D:\xampp\htdocs\cbdb\framework\web\CController.php(309): CInlineAction->runWithParams(Array)
#4 D:\xampp\htdocs\cbdb\framework\web\filters\CFilterChain.php(134): CController->runAction(Object(CInlineAction))
#5 D:\xampp\htdocs\cbdb\framework\web\filters\CFilter.php(41): CFilterChain->run()
#6 D:\xampp\htdocs\cbdb\framework\web\CController.php(1146): CFilter->filter(Object(CFilterChain))
#7 D:\xampp\htdocs\cbdb\framework\web\filters\CInlineFilter.php(59): CController->filterAccessControl(Object(CFilterChain))
#8 D:\xampp\htdocs\cbdb\framework\web\filters\CFilterChain.php(131): CInlineFilter->filter(Object(CFilterChain))
#9 D:\xampp\htdocs\cbdb\framework\web\CController.php(292): CFilterChain->run()
#10 D:\xampp\htdocs\cbdb\framework\web\CController.php(266): CController->runActionWithFilters(Object(CInlineAction), Array)
#11 D:\xampp\htdocs\cbdb\framework\web\CWebApplication.php(276): CController->run('index')
#12 D:\xampp\htdocs\cbdb\framework\web\CWebApplication.php(135): CWebApplication->runController('user/index')
#13 D:\xampp\htdocs\cbdb\framework\base\CApplication.php(162): CWebApplication->processRequest()
#14 D:\xampp\htdocs\cbdb\index.php(13): CApplication->run()
#15 {main}
REQUEST_URI=/cbdb/index.php?r=user/index
HTTP_REFERER=http://localhost/cbdb/index.php
---
2014/08/15 08:33:49 [error] [exception.CException] exception 'CException' with message 'Property "User.person_lname" is not defined.' in D:\xampp\htdocs\cbdb\framework\base\CComponent.php:131
Stack trace:
#0 D:\xampp\htdocs\cbdb\framework\db\ar\CActiveRecord.php(144): CComponent->__get('person_lname')
#1 D:\xampp\htdocs\cbdb\framework\web\helpers\CHtml.php(2044): CActiveRecord->__get('person_lname')
#2 D:\xampp\htdocs\cbdb\framework\web\helpers\CHtml.php(1774): CHtml::resolveValue(Object(User), 'person_lname')
#3 D:\xampp\htdocs\cbdb\framework\web\helpers\CHtml.php(1205): CHtml::activeInputField('text', Object(User), 'person_lname', Array)
#4 D:\xampp\htdocs\cbdb\framework\zii\widgets\grid\CDataColumn.php(105): CHtml::activeTextField(Object(User), 'person_lname', Array)
#5 D:\xampp\htdocs\cbdb\framework\zii\widgets\grid\CGridColumn.php(106): CDataColumn->renderFilterCellContent()
#6 D:\xampp\htdocs\cbdb\framework\zii\widgets\grid\CGridView.php(450): CGridColumn->renderFilterCell()
#7 D:\xampp\htdocs\cbdb\framework\zii\widgets\grid\CGridView.php(428): CGridView->renderFilter()
#8 D:\xampp\htdocs\cbdb\framework\zii\widgets\grid\CGridView.php(398): CGridView->renderTableHeader()
#9 D:\xampp\htdocs\cbdb\framework\zii\widgets\CBaseListView.php(158): CGridView->renderItems()
#10 [internal function]: CBaseListView->renderSection(Array)
#11 D:\xampp\htdocs\cbdb\framework\zii\widgets\CBaseListView.php(141): preg_replace_callback('/{(\\w+)}/', Array, '{summary}\n{item...')
#12 D:\xampp\htdocs\cbdb\framework\zii\widgets\CBaseListView.php(126): CBaseListView->renderContent()
#13 D:\xampp\htdocs\cbdb\framework\web\CBaseController.php(174): CBaseListView->run()
#14 D:\xampp\htdocs\cbdb\protected\views\user\index.php(66): CBaseController->widget('zii.widgets.gri...', Array)
#15 D:\xampp\htdocs\cbdb\framework\web\CBaseController.php(127): require('D:\\xampp\\htdocs...')
#16 D:\xampp\htdocs\cbdb\framework\web\CBaseController.php(96): CBaseController->renderInternal('D:\\xampp\\htdocs...', Array, true)
#17 D:\xampp\htdocs\cbdb\framework\web\CController.php(870): CBaseController->renderFile('D:\\xampp\\htdocs...', Array, true)
#18 D:\xampp\htdocs\cbdb\framework\web\CController.php(783): CController->renderPartial('index', Array, true)
#19 D:\xampp\htdocs\cbdb\protected\controllers\UserController.php(149): CController->render('index', Array)
#20 D:\xampp\htdocs\cbdb\framework\web\actions\CInlineAction.php(50): UserController->actionindex()
#21 D:\xampp\htdocs\cbdb\framework\web\CController.php(309): CInlineAction->runWithParams(Array)
#22 D:\xampp\htdocs\cbdb\framework\web\filters\CFilterChain.php(134): CController->runAction(Object(CInlineAction))
#23 D:\xampp\htdocs\cbdb\framework\web\filters\CFilter.php(41): CFilterChain->run()
#24 D:\xampp\htdocs\cbdb\framework\web\CController.php(1146): CFilter->filter(Object(CFilterChain))
#25 D:\xampp\htdocs\cbdb\framework\web\filters\CInlineFilter.php(59): CController->filterAccessControl(Object(CFilterChain))
#26 D:\xampp\htdocs\cbdb\framework\web\filters\CFilterChain.php(131): CInlineFilter->filter(Object(CFilterChain))
#27 D:\xampp\htdocs\cbdb\framework\web\CController.php(292): CFilterChain->run()
#28 D:\xampp\htdocs\cbdb\framework\web\CController.php(266): CController->runActionWithFilters(Object(CInlineAction), Array)
#29 D:\xampp\htdocs\cbdb\framework\web\CWebApplication.php(276): CController->run('')
#30 D:\xampp\htdocs\cbdb\framework\web\CWebApplication.php(135): CWebApplication->runController('user/')
#31 D:\xampp\htdocs\cbdb\framework\base\CApplication.php(162): CWebApplication->processRequest()
#32 D:\xampp\htdocs\cbdb\index.php(13): CApplication->run()
#33 {main}
REQUEST_URI=/cbdb/index.php?r=user/
---
2014/08/15 08:39:47 [error] [exception.CException] exception 'CException' with message 'CDbCriteria and its behaviors do not have a method or closure named "with".' in D:\xampp\htdocs\cbdb\framework\base\CComponent.php:266
Stack trace:
#0 D:\xampp\htdocs\cbdb\protected\models\User.php(99): CComponent->__call('with', Array)
#1 D:\xampp\htdocs\cbdb\protected\models\User.php(99): CDbCriteria->with('person')
#2 D:\xampp\htdocs\cbdb\protected\views\user\index.php(45): User->search()
#3 D:\xampp\htdocs\cbdb\framework\web\CBaseController.php(127): require('D:\\xampp\\htdocs...')
#4 D:\xampp\htdocs\cbdb\framework\web\CBaseController.php(96): CBaseController->renderInternal('D:\\xampp\\htdocs...', Array, true)
#5 D:\xampp\htdocs\cbdb\framework\web\CController.php(870): CBaseController->renderFile('D:\\xampp\\htdocs...', Array, true)
#6 D:\xampp\htdocs\cbdb\framework\web\CController.php(783): CController->renderPartial('index', Array, true)
#7 D:\xampp\htdocs\cbdb\protected\controllers\UserController.php(149): CController->render('index', Array)
#8 D:\xampp\htdocs\cbdb\framework\web\actions\CInlineAction.php(50): UserController->actionindex()
#9 D:\xampp\htdocs\cbdb\framework\web\CController.php(309): CInlineAction->runWithParams(Array)
#10 D:\xampp\htdocs\cbdb\framework\web\filters\CFilterChain.php(134): CController->runAction(Object(CInlineAction))
#11 D:\xampp\htdocs\cbdb\framework\web\filters\CFilter.php(41): CFilterChain->run()
#12 D:\xampp\htdocs\cbdb\framework\web\CController.php(1146): CFilter->filter(Object(CFilterChain))
#13 D:\xampp\htdocs\cbdb\framework\web\filters\CInlineFilter.php(59): CController->filterAccessControl(Object(CFilterChain))
#14 D:\xampp\htdocs\cbdb\framework\web\filters\CFilterChain.php(131): CInlineFilter->filter(Object(CFilterChain))
#15 D:\xampp\htdocs\cbdb\framework\web\CController.php(292): CFilterChain->run()
#16 D:\xampp\htdocs\cbdb\framework\web\CController.php(266): CController->runActionWithFilters(Object(CInlineAction), Array)
#17 D:\xampp\htdocs\cbdb\framework\web\CWebApplication.php(276): CController->run('')
#18 D:\xampp\htdocs\cbdb\framework\web\CWebApplication.php(135): CWebApplication->runController('user/')
#19 D:\xampp\htdocs\cbdb\framework\base\CApplication.php(162): CWebApplication->processRequest()
#20 D:\xampp\htdocs\cbdb\index.php(13): CApplication->run()
#21 {main}
REQUEST_URI=/cbdb/index.php?r=user/
---
2014/08/18 07:55:45 [error] [exception.CHttpException.404] exception 'CHttpException' with message 'The system is unable to find the requested action "\".' in D:\xampp\htdocs\cbdb\framework\web\CController.php:484
Stack trace:
#0 D:\xampp\htdocs\cbdb\framework\web\CController.php(271): CController->missingAction('\\')
#1 D:\xampp\htdocs\cbdb\framework\web\CWebApplication.php(276): CController->run('\\')
#2 D:\xampp\htdocs\cbdb\framework\web\CWebApplication.php(135): CWebApplication->runController('user/\\')
#3 D:\xampp\htdocs\cbdb\framework\base\CApplication.php(162): CWebApplication->processRequest()
#4 D:\xampp\htdocs\cbdb\index.php(13): CApplication->run()
#5 {main}
REQUEST_URI=/cbdb/index.php?r=user/\
---
